<?xml version="1.0" encoding="UTF-8"?>
<!-- Generated by org.testng.reporters.JUnitXMLReporter -->
<testsuite ignored="1" hostname="testing" failures="0" tests="4" name="MyInfo" time="16.499" errors="0" timestamp="2023-10-17T03:19:39 GMT">
  <testcase classname="com.TestNG.Tests.OrangeHRM" name="LaunchApp" time="3.864"/>
  <testcase classname="com.TestNG.Tests.OrangeHRM" name="Login" time="2.456"/>
  <testcase classname="com.TestNG.Tests.OrangeHRM" name="NavigateToMyInfo" time="3.808"/>
  <testcase classname="com.TestNG.Tests.OrangeHRM" name="VerifyMyInfo" time="0.674"/>
  <testcase classname="com.TestNG.Tests.OrangeHRM" name="VerifyLogin" time="0.0">
    <ignored/>
  </testcase> <!-- VerifyLogin -->
</testsuite> <!-- MyInfo -->
