<?xml version="1.0" encoding="UTF-8"?>
<testng-results ignored="0" total="7" passed="7" failed="0" skipped="0">
  <reporter-output>
  </reporter-output>
  <suite started-at="2023-10-17T03:19:05 GMT" name="DemoSuite" finished-at="2023-10-17T03:19:39 GMT" duration-ms="33727">
    <groups>
    </groups>
    <test started-at="2023-10-17T03:19:05 GMT" name="Login" finished-at="2023-10-17T03:19:23 GMT" duration-ms="17190">
      <class name="com.TestNG.Tests.OrangeHRM">
        <test-method is-config="true" signature="InitialiseBrowser(java.lang.String)[pri:0, instance:com.TestNG.Tests.OrangeHRM@6bbe85a8]" started-at="2023-10-17T03:19:05 GMT" name="InitialiseBrowser" finished-at="2023-10-17T03:19:11 GMT" duration-ms="6031" status="PASS">
          <params>
            <param index="0">
              <value>
                <![CDATA[edge]]>
              </value>
            </param>
          </params>
          <reporter-output>
          </reporter-output>
        </test-method> <!-- InitialiseBrowser -->
        <test-method signature="LaunchApp()[pri:0, instance:com.TestNG.Tests.OrangeHRM@6bbe85a8]" started-at="2023-10-17T03:19:12 GMT" name="LaunchApp" finished-at="2023-10-17T03:19:16 GMT" duration-ms="4346" status="PASS">
          <reporter-output>
          </reporter-output>
        </test-method> <!-- LaunchApp -->
        <test-method signature="Login(java.lang.String,java.lang.String)[pri:0, instance:com.TestNG.Tests.OrangeHRM@6bbe85a8]" started-at="2023-10-17T03:19:16 GMT" name="Login" finished-at="2023-10-17T03:19:17 GMT" duration-ms="1301" status="PASS">
          <params>
            <param index="0">
              <value>
                <![CDATA[Admin]]>
              </value>
            </param>
            <param index="1">
              <value>
                <![CDATA[admin123]]>
              </value>
            </param>
          </params>
          <reporter-output>
          </reporter-output>
        </test-method> <!-- Login -->
        <test-method signature="VerifyLogin()[pri:0, instance:com.TestNG.Tests.OrangeHRM@6bbe85a8]" started-at="2023-10-17T03:19:17 GMT" name="VerifyLogin" finished-at="2023-10-17T03:19:19 GMT" duration-ms="2083" status="PASS">
          <reporter-output>
          </reporter-output>
        </test-method> <!-- VerifyLogin -->
        <test-method is-config="true" signature="Teardown(java.lang.Long)[pri:0, instance:com.TestNG.Tests.OrangeHRM@6bbe85a8]" started-at="2023-10-17T03:19:19 GMT" name="Teardown" finished-at="2023-10-17T03:19:23 GMT" duration-ms="3264" status="PASS">
          <params>
            <param index="0">
              <value>
                <![CDATA[3000]]>
              </value>
            </param>
          </params>
          <reporter-output>
          </reporter-output>
        </test-method> <!-- Teardown -->
      </class> <!-- com.TestNG.Tests.OrangeHRM -->
    </test> <!-- Login -->
    <test started-at="2023-10-17T03:19:23 GMT" name="MyInfo" finished-at="2023-10-17T03:19:39 GMT" duration-ms="16499">
      <class name="com.TestNG.Tests.OrangeHRM">
        <test-method is-config="true" signature="InitialiseBrowser(java.lang.String)[pri:0, instance:com.TestNG.Tests.OrangeHRM@70ed52de]" started-at="2023-10-17T03:19:23 GMT" name="InitialiseBrowser" finished-at="2023-10-17T03:19:25 GMT" duration-ms="2402" status="PASS">
          <params>
            <param index="0">
              <value>
                <![CDATA[chrome]]>
              </value>
            </param>
          </params>
          <reporter-output>
          </reporter-output>
        </test-method> <!-- InitialiseBrowser -->
        <test-method signature="LaunchApp()[pri:0, instance:com.TestNG.Tests.OrangeHRM@70ed52de]" started-at="2023-10-17T03:19:25 GMT" name="LaunchApp" finished-at="2023-10-17T03:19:29 GMT" duration-ms="3864" status="PASS">
          <reporter-output>
          </reporter-output>
        </test-method> <!-- LaunchApp -->
        <test-method signature="Login(java.lang.String,java.lang.String)[pri:0, instance:com.TestNG.Tests.OrangeHRM@70ed52de]" started-at="2023-10-17T03:19:29 GMT" name="Login" finished-at="2023-10-17T03:19:31 GMT" duration-ms="2456" status="PASS">
          <params>
            <param index="0">
              <value>
                <![CDATA[Admin]]>
              </value>
            </param>
            <param index="1">
              <value>
                <![CDATA[admin123]]>
              </value>
            </param>
          </params>
          <reporter-output>
          </reporter-output>
        </test-method> <!-- Login -->
        <test-method signature="NavigateToMyInfo()[pri:0, instance:com.TestNG.Tests.OrangeHRM@70ed52de]" started-at="2023-10-17T03:19:31 GMT" name="NavigateToMyInfo" finished-at="2023-10-17T03:19:35 GMT" duration-ms="3808" status="PASS">
          <reporter-output>
          </reporter-output>
        </test-method> <!-- NavigateToMyInfo -->
        <test-method signature="VerifyMyInfo()[pri:0, instance:com.TestNG.Tests.OrangeHRM@70ed52de]" started-at="2023-10-17T03:19:35 GMT" name="VerifyMyInfo" finished-at="2023-10-17T03:19:36 GMT" duration-ms="674" status="PASS">
          <reporter-output>
          </reporter-output>
        </test-method> <!-- VerifyMyInfo -->
        <test-method is-config="true" signature="Teardown(java.lang.Long)[pri:0, instance:com.TestNG.Tests.OrangeHRM@70ed52de]" started-at="2023-10-17T03:19:36 GMT" name="Teardown" finished-at="2023-10-17T03:19:39 GMT" duration-ms="3244" status="PASS">
          <params>
            <param index="0">
              <value>
                <![CDATA[3000]]>
              </value>
            </param>
          </params>
          <reporter-output>
          </reporter-output>
        </test-method> <!-- Teardown -->
      </class> <!-- com.TestNG.Tests.OrangeHRM -->
    </test> <!-- MyInfo -->
  </suite> <!-- DemoSuite -->
</testng-results>
